Train on cuda Device
Train on cuda Device
Train on cuda Device
  Epoch   |    Batch  | Loss   |Accuracy|   Step   |       Time      |
saving model to log/BiLSTM_Harmonizer/models/model_init.ckpt
Train on cuda Device
  Epoch   |    Batch  | Loss   |Accuracy|   Step   |       Time      |
saving model to log/BiLSTM_Harmonizer/models/model_init.ckpt
saving model to log/BiLSTM_Harmonizer/models/model_epoch_0_batch_0.ckpt
        0 |       100 |   0.33 |   0.54 |   0.30 |      100 | 0:00:14.181864       
saving model to log/BiLSTM_Harmonizer/models/model_epoch_0_batch_100.ckpt
        0 |       200 |   0.24 |   0.54 |   0.44 |      200 | 0:00:28.284629       
saving model to log/BiLSTM_Harmonizer/models/model_epoch_0_batch_200.ckpt
        0 |       300 |   0.30 |   0.59 |   0.40 |      300 | 0:00:42.415426       
saving model to log/BiLSTM_Harmonizer/models/model_epoch_0_batch_300.ckpt
        0 |       400 |   0.27 |   0.62 |   0.47 |      400 | 0:00:56.556832       
saving model to log/BiLSTM_Harmonizer/models/model_epoch_0_batch_400.ckpt
        0 |       500 |   0.31 |   0.50 |   0.35 |      500 | 0:01:10.702292       
saving model to log/BiLSTM_Harmonizer/models/model_epoch_0_batch_500.ckpt
        0 |       600 |   0.30 |   0.58 |   0.40 |      600 | 0:01:24.803892       
saving model to log/BiLSTM_Harmonizer/models/model_epoch_0_batch_600.ckpt
Test Accuracy :   0.56 %,   0.37 % ; Loss :   0.05,   0.11
saving model to log/BiLSTM_Harmonizer/models/model_0.ckpt
        1 |       100 |   0.30 |   0.60 |   0.35 |      724 | 0:01:42.020362       
        1 |       200 |   0.24 |   0.57 |   0.38 |      824 | 0:01:56.055140       
        1 |       300 |   0.29 |   0.50 |   0.31 |      924 | 0:02:10.437545       
        1 |       400 |   0.31 |   0.56 |   0.44 |     1024 | 0:02:24.853319       
        1 |       500 |   0.29 |   0.55 |   0.33 |     1124 | 0:02:39.026216       
        1 |       600 |   0.30 |   0.57 |   0.33 |     1224 | 0:02:53.184717       
Test Accuracy :   0.70 %,   0.39 % ; Loss :   0.06,   0.13
        2 |       100 |   0.32 |   0.61 |   0.35 |     1348 | 0:03:10.916428       
        2 |       200 |   0.28 |   0.58 |   0.46 |     1448 | 0:03:25.079110       
        2 |       300 |   0.32 |   0.67 |   0.33 |     1548 | 0:03:39.198905       
        2 |       400 |   0.28 |   0.58 |   0.33 |     1648 | 0:03:53.231513       
        2 |       500 |   0.32 |   0.59 |   0.30 |     1748 | 0:04:07.470092       
        2 |       600 |   0.33 |   0.56 |   0.43 |     1848 | 0:04:21.746937       
Test Accuracy :   0.43 %,   0.30 % ; Loss :   0.07,   0.13
        3 |       100 |   0.31 |   0.53 |   0.34 |     1972 | 0:04:39.160342       
        3 |       200 |   0.33 |   0.58 |   0.36 |     2072 | 0:04:53.052929       
        3 |       300 |   0.37 |   0.58 |   0.40 |     2172 | 0:05:06.922386       
        3 |       400 |   0.26 |   0.62 |   0.42 |     2272 | 0:05:20.830140       
        3 |       500 |   0.26 |   0.53 |   0.34 |     2372 | 0:05:34.732814       
        3 |       600 |   0.31 |   0.60 |   0.41 |     2472 | 0:05:48.566013       
Test Accuracy :   0.59 %,   0.35 % ; Loss :   0.05,   0.11
        4 |       100 |   0.29 |   0.59 |   0.41 |     2596 | 0:06:05.948406       
        4 |       200 |   0.29 |   0.56 |   0.34 |     2696 | 0:06:19.803477       
        4 |       300 |   0.24 |   0.63 |   0.45 |     2796 | 0:06:33.707750       
        4 |       400 |   0.26 |   0.60 |   0.44 |     2896 | 0:06:47.601452       
        4 |       500 |   0.27 |   0.57 |   0.45 |     2996 | 0:07:01.179983       
        4 |       600 |   0.30 |   0.57 |   0.44 |     3096 | 0:07:14.940936       
Test Accuracy :   0.62 %,   0.43 % ; Loss :   0.05,   0.11
        5 |       100 |   0.29 |   0.54 |   0.30 |     3220 | 0:07:32.146633       
        5 |       200 |   0.27 |   0.65 |   0.43 |     3320 | 0:07:46.040211       
        5 |       300 |   0.28 |   0.56 |   0.35 |     3420 | 0:08:00.440226       
        5 |       400 |   0.34 |   0.52 |   0.32 |     3520 | 0:08:14.581263       
        5 |       500 |   0.22 |   0.65 |   0.46 |     3620 | 0:08:28.943865       
        5 |       600 |   0.30 |   0.57 |   0.35 |     3720 | 0:08:43.150543       
Test Accuracy :   0.66 %,   0.54 % ; Loss :   0.05,   0.11
saving model to log/BiLSTM_Harmonizer/models/model_5.ckpt
        6 |       100 |   0.26 |   0.56 |   0.42 |     3844 | 0:09:00.605306       
        6 |       200 |   0.31 |   0.63 |   0.43 |     3944 | 0:09:14.414655       
        6 |       300 |   0.29 |   0.63 |   0.38 |     4044 | 0:09:28.202898       
        6 |       400 |   0.25 |   0.62 |   0.50 |     4144 | 0:09:41.840083       
        6 |       500 |   0.27 |   0.58 |   0.37 |     4244 | 0:09:55.730255       
        6 |       600 |   0.27 |   0.71 |   0.46 |     4344 | 0:10:09.397846       
Test Accuracy :   0.49 %,   0.35 % ; Loss :   0.07,   0.13
        7 |       100 |   0.26 |   0.61 |   0.46 |     4468 | 0:10:27.375877       
        7 |       200 |   0.26 |   0.66 |   0.38 |     4568 | 0:10:41.777164       
        7 |       300 |   0.24 |   0.63 |   0.39 |     4668 | 0:10:56.180169       
        7 |       400 |   0.27 |   0.57 |   0.35 |     4768 | 0:11:10.473796       
        7 |       500 |   0.25 |   0.60 |   0.38 |     4868 | 0:11:24.772053       
        7 |       600 |   0.27 |   0.57 |   0.40 |     4968 | 0:11:38.791468       
Test Accuracy :   0.52 %,   0.42 % ; Loss :   0.06,   0.10
        8 |       100 |   0.28 |   0.56 |   0.33 |     5092 | 0:11:56.732590       
        8 |       200 |   0.26 |   0.61 |   0.43 |     5192 | 0:12:10.979452       
        8 |       300 |   0.23 |   0.65 |   0.47 |     5292 | 0:12:25.497806       
        8 |       400 |   0.27 |   0.60 |   0.31 |     5392 | 0:12:39.825186       
        8 |       500 |   0.30 |   0.53 |   0.36 |     5492 | 0:12:54.199496       
        8 |       600 |   0.29 |   0.54 |   0.38 |     5592 | 0:13:08.380106       
Test Accuracy :   0.58 %,   0.36 % ; Loss :   0.05,   0.10
        9 |       100 |   0.28 |   0.57 |   0.39 |     5716 | 0:13:25.423163       
        9 |       200 |   0.25 |   0.68 |   0.44 |     5816 | 0:13:38.962160       
        9 |       300 |   0.27 |   0.66 |   0.42 |     5916 | 0:13:52.678258       
        9 |       400 |   0.31 |   0.61 |   0.37 |     6016 | 0:14:06.436672       
        9 |       500 |   0.29 |   0.63 |   0.45 |     6116 | 0:14:20.004264       
        9 |       600 |   0.24 |   0.60 |   0.40 |     6216 | 0:14:33.619552       
Test Accuracy :   0.67 %,   0.48 % ; Loss :   0.04,   0.08
       10 |       100 |   0.27 |   0.58 |   0.42 |     6340 | 0:14:51.180897       
       10 |       200 |   0.30 |   0.59 |   0.42 |     6440 | 0:15:05.059914       
       10 |       300 |   0.24 |   0.63 |   0.54 |     6540 | 0:15:19.377618       
       10 |       400 |   0.27 |   0.59 |   0.45 |     6640 | 0:15:33.201105       
       10 |       500 |   0.28 |   0.57 |   0.42 |     6740 | 0:15:46.955622       
       10 |       600 |   0.27 |   0.69 |   0.42 |     6840 | 0:16:01.168013       
Test Accuracy :   0.69 %,   0.56 % ; Loss :   0.04,   0.07
saving model to log/BiLSTM_Harmonizer/models/model_10.ckpt
       11 |       100 |   0.29 |   0.55 |   0.33 |     6964 | 0:16:18.834699       
       11 |       200 |   0.28 |   0.54 |   0.39 |     7064 | 0:16:33.282019       
       11 |       300 |   0.25 |   0.64 |   0.54 |     7164 | 0:16:47.859413       
       11 |       400 |   0.28 |   0.59 |   0.43 |     7264 | 0:17:02.453359       
       11 |       500 |   0.23 |   0.78 |   0.57 |     7364 | 0:17:16.998869       
       11 |       600 |   0.30 |   0.59 |   0.40 |     7464 | 0:17:31.528184       
Test Accuracy :   0.63 %,   0.43 % ; Loss :   0.05,   0.08
       12 |       100 |   0.25 |   0.69 |   0.49 |     7588 | 0:17:47.976097       
       12 |       200 |   0.26 |   0.59 |   0.42 |     7688 | 0:18:01.520819       
       12 |       300 |   0.26 |   0.55 |   0.49 |     7788 | 0:18:15.321652       
       12 |       400 |   0.26 |   0.61 |   0.50 |     7888 | 0:18:29.148563       
       12 |       500 |   0.27 |   0.59 |   0.39 |     7988 | 0:18:42.994392       
       12 |       600 |   0.23 |   0.62 |   0.46 |     8088 | 0:18:56.276067       
Test Accuracy :   0.63 %,   0.35 % ; Loss :   0.06,   0.12
       13 |       100 |   0.26 |   0.69 |   0.48 |     8212 | 0:19:13.434420       
       13 |       200 |   0.22 |   0.70 |   0.54 |     8312 | 0:19:27.359861       
       13 |       300 |   0.24 |   0.68 |   0.53 |     8412 | 0:19:41.548929       
       13 |       400 |   0.25 |   0.64 |   0.45 |     8512 | 0:19:55.607489       
       13 |       500 |   0.27 |   0.65 |   0.42 |     8612 | 0:20:09.563858       
       13 |       600 |   0.23 |   0.59 |   0.34 |     8712 | 0:20:23.641519       
Test Accuracy :   0.57 %,   0.65 % ; Loss :   0.05,   0.09
       14 |       100 |   0.26 |   0.62 |   0.37 |     8836 | 0:20:41.237550       
       14 |       200 |   0.29 |   0.58 |   0.41 |     8936 | 0:20:55.238920       
       14 |       300 |   0.25 |   0.65 |   0.47 |     9036 | 0:21:09.066367       
       14 |       400 |   0.23 |   0.66 |   0.46 |     9136 | 0:21:22.879047       
       14 |       500 |   0.29 |   0.69 |   0.42 |     9236 | 0:21:36.195260       
       14 |       600 |   0.24 |   0.66 |   0.44 |     9336 | 0:21:49.928979       
Test Accuracy :   0.82 %,   0.61 % ; Loss :   0.05,   0.10
       15 |       100 |   0.20 |   0.72 |   0.51 |     9460 | 0:22:07.104015       
       15 |       200 |   0.22 |   0.68 |   0.51 |     9560 | 0:22:20.844432       
       15 |       300 |   0.28 |   0.66 |   0.37 |     9660 | 0:22:34.671442       
       15 |       400 |   0.26 |   0.67 |   0.53 |     9760 | 0:22:48.475481       
       15 |       500 |   0.27 |   0.60 |   0.39 |     9860 | 0:23:02.306623       
       15 |       600 |   0.21 |   0.69 |   0.46 |     9960 | 0:23:16.142578       
Test Accuracy :   0.58 %,   0.41 % ; Loss :   0.04,   0.11
saving model to log/BiLSTM_Harmonizer/models/model_15.ckpt
       16 |       100 |   0.23 |   0.70 |   0.49 |    10084 | 0:23:33.885600       
       16 |       200 |   0.23 |   0.72 |   0.54 |    10184 | 0:23:48.313372       
       16 |       300 |   0.22 |   0.69 |   0.48 |    10284 | 0:24:03.106525       
       16 |       400 |   0.22 |   0.68 |   0.44 |    10384 | 0:24:17.629446       
       16 |       500 |   0.25 |   0.67 |   0.38 |    10484 | 0:24:32.070840       
       16 |       600 |   0.26 |   0.65 |   0.45 |    10584 | 0:24:46.636509       
Test Accuracy :   0.67 %,   0.47 % ; Loss :   0.05,   0.09
       17 |       100 |   0.20 |   0.69 |   0.55 |    10708 | 0:25:04.525554       
       17 |       200 |   0.26 |   0.70 |   0.45 |    10808 | 0:25:18.587616       
       17 |       300 |   0.24 |   0.68 |   0.47 |    10908 | 0:25:33.115600       
       17 |       400 |   0.27 |   0.58 |   0.44 |    11008 | 0:25:47.500283       
       17 |       500 |   0.23 |   0.64 |   0.48 |    11108 | 0:26:01.728460       
       17 |       600 |   0.25 |   0.66 |   0.50 |    11208 | 0:26:16.258648       
Test Accuracy :   0.68 %,   0.40 % ; Loss :   0.04,   0.08
       18 |       100 |   0.22 |   0.66 |   0.45 |    11332 | 0:26:34.312818       
       18 |       200 |   0.21 |   0.75 |   0.44 |    11432 | 0:26:48.565407       
       18 |       300 |   0.23 |   0.77 |   0.54 |    11532 | 0:27:02.803167       
       18 |       400 |   0.29 |   0.66 |   0.38 |    11632 | 0:27:17.009754       
       18 |       500 |   0.22 |   0.65 |   0.46 |    11732 | 0:27:31.201789       
       18 |       600 |   0.25 |   0.59 |   0.48 |    11832 | 0:27:45.223061       
Test Accuracy :   0.62 %,   0.55 % ; Loss :   0.05,   0.09
       19 |       100 |   0.24 |   0.75 |   0.50 |    11956 | 0:28:03.291998       
       19 |       200 |   0.25 |   0.69 |   0.46 |    12056 | 0:28:17.720844       
       19 |       300 |   0.23 |   0.66 |   0.51 |    12156 | 0:28:32.171539       
       19 |       400 |   0.24 |   0.73 |   0.48 |    12256 | 0:28:46.502783       
       19 |       500 |   0.26 |   0.66 |   0.48 |    12356 | 0:29:00.721447       
       19 |       600 |   0.25 |   0.66 |   0.50 |    12456 | 0:29:15.260019       
Test Accuracy :   0.73 %,   0.49 % ; Loss :   0.05,   0.11
       20 |       100 |   0.22 |   0.66 |   0.49 |    12580 | 0:29:33.101527       
       20 |       200 |   0.19 |   0.69 |   0.50 |    12680 | 0:29:47.509874       
       20 |       300 |   0.23 |   0.67 |   0.57 |    12780 | 0:30:01.871006       
       20 |       400 |   0.21 |   0.74 |   0.49 |    12880 | 0:30:16.119206       
       20 |       500 |   0.21 |   0.68 |   0.55 |    12980 | 0:30:30.228892       
       20 |       600 |   0.22 |   0.71 |   0.52 |    13080 | 0:30:44.097605       
Test Accuracy :   0.65 %,   0.50 % ; Loss :   0.04,   0.08
saving model to log/BiLSTM_Harmonizer/models/model_20.ckpt
       21 |       100 |   0.25 |   0.64 |   0.42 |    13204 | 0:31:01.822637       
       21 |       200 |   0.22 |   0.70 |   0.60 |    13304 | 0:31:16.065766       
       21 |       300 |   0.22 |   0.78 |   0.48 |    13404 | 0:31:30.151207       
       21 |       400 |   0.23 |   0.69 |   0.48 |    13504 | 0:31:44.431319       
       21 |       500 |   0.21 |   0.68 |   0.47 |    13604 | 0:31:58.740096       
       21 |       600 |   0.23 |   0.68 |   0.43 |    13704 | 0:32:13.377622       
Test Accuracy :   0.85 %,   0.57 % ; Loss :   0.02,   0.08
       22 |       100 |   0.20 |   0.76 |   0.54 |    13828 | 0:32:30.853256       
       22 |       200 |   0.21 |   0.67 |   0.54 |    13928 | 0:32:44.447832       
       22 |       300 |   0.21 |   0.67 |   0.49 |    14028 | 0:32:58.409220       
       22 |       400 |   0.19 |   0.64 |   0.50 |    14128 | 0:33:12.411790       
       22 |       500 |   0.22 |   0.68 |   0.51 |    14228 | 0:33:26.439428       
       22 |       600 |   0.22 |   0.68 |   0.48 |    14328 | 0:33:40.342008       
Test Accuracy :   0.78 %,   0.58 % ; Loss :   0.04,   0.08
       23 |       100 |   0.18 |   0.73 |   0.57 |    14452 | 0:33:58.341057       
       23 |       200 |   0.27 |   0.70 |   0.51 |    14552 | 0:34:12.862436       
       23 |       300 |   0.18 |   0.67 |   0.53 |    14652 | 0:34:27.176822       
       23 |       400 |   0.17 |   0.80 |   0.54 |    14752 | 0:34:41.095512       
       23 |       500 |   0.23 |   0.67 |   0.50 |    14852 | 0:34:55.087688       
       23 |       600 |   0.24 |   0.58 |   0.42 |    14952 | 0:35:09.340657       
Test Accuracy :   0.71 %,   0.59 % ; Loss :   0.03,   0.08
       24 |       100 |   0.24 |   0.64 |   0.48 |    15076 | 0:35:26.723573       
       24 |       200 |   0.24 |   0.69 |   0.44 |    15176 | 0:35:40.445953       
       24 |       300 |   0.23 |   0.74 |   0.48 |    15276 | 0:35:53.915767       
       24 |       400 |   0.25 |   0.61 |   0.41 |    15376 | 0:36:07.027962       
       24 |       500 |   0.19 |   0.73 |   0.58 |    15476 | 0:36:19.617256       
       24 |       600 |   0.21 |   0.73 |   0.55 |    15576 | 0:36:32.628745       
Test Accuracy :   0.67 %,   0.58 % ; Loss :   0.04,   0.09
       25 |       100 |   0.17 |   0.78 |   0.60 |    15700 | 0:36:49.737199       
       25 |       200 |   0.24 |   0.74 |   0.41 |    15800 | 0:37:03.499865       
       25 |       300 |   0.23 |   0.66 |   0.48 |    15900 | 0:37:17.414402       
       25 |       400 |   0.23 |   0.67 |   0.51 |    16000 | 0:37:31.326556       
       25 |       500 |   0.24 |   0.64 |   0.48 |    16100 | 0:37:45.095011       
       25 |       600 |   0.21 |   0.65 |   0.54 |    16200 | 0:37:59.039399       
Test Accuracy :   0.77 %,   0.55 % ; Loss :   0.03,   0.08
saving model to log/BiLSTM_Harmonizer/models/model_25.ckpt
       26 |       100 |   0.23 |   0.70 |   0.46 |    16324 | 0:38:16.893772       
       26 |       200 |   0.22 |   0.70 |   0.48 |    16424 | 0:38:31.112149       
       26 |       300 |   0.20 |   0.68 |   0.53 |    16524 | 0:38:45.391033       
       26 |       400 |   0.22 |   0.65 |   0.52 |    16624 | 0:38:59.664976       
       26 |       500 |   0.34 |   0.58 |   0.28 |    16724 | 0:39:13.870440       
       26 |       600 |   0.28 |   0.64 |   0.38 |    16824 | 0:39:28.197426       
Test Accuracy :   0.72 %,   0.57 % ; Loss :   0.06,   0.10
       27 |       100 |   0.21 |   0.62 |   0.50 |    16948 | 0:39:46.177997       
       27 |       200 |   0.21 |   0.74 |   0.50 |    17048 | 0:40:00.579799       
       27 |       300 |   0.21 |   0.73 |   0.54 |    17148 | 0:40:14.860130       
       27 |       400 |   0.21 |   0.72 |   0.55 |    17248 | 0:40:29.373063       
       27 |       500 |   0.25 |   0.73 |   0.54 |    17348 | 0:40:43.808325       
       27 |       600 |   0.22 |   0.72 |   0.42 |    17448 | 0:40:57.986807       
Test Accuracy :   0.58 %,   0.46 % ; Loss :   0.04,   0.09
       28 |       100 |   0.21 |   0.75 |   0.55 |    17572 | 0:41:15.078340       
       28 |       200 |   0.22 |   0.65 |   0.50 |    17672 | 0:41:28.792213       
       28 |       300 |   0.20 |   0.69 |   0.48 |    17772 | 0:41:42.727692       
       28 |       400 |   0.16 |   0.70 |   0.56 |    17872 | 0:41:56.755688       
       28 |       500 |   0.19 |   0.71 |   0.60 |    17972 | 0:42:10.951385       
       28 |       600 |   0.20 |   0.66 |   0.50 |    18072 | 0:42:24.980329       
Test Accuracy :   0.74 %,   0.58 % ; Loss :   0.04,   0.07
       29 |       100 |   0.19 |   0.76 |   0.49 |    18196 | 0:42:42.707039       
       29 |       200 |   0.22 |   0.64 |   0.43 |    18296 | 0:42:57.018123       
       29 |       300 |   0.19 |   0.73 |   0.60 |    18396 | 0:43:11.426861       
       29 |       400 |   0.22 |   0.75 |   0.51 |    18496 | 0:43:25.740398       
       29 |       500 |   0.22 |   0.71 |   0.48 |    18596 | 0:43:40.062390       
       29 |       600 |   0.22 |   0.72 |   0.59 |    18696 | 0:43:54.407495       
Test Accuracy :   0.63 %,   0.48 % ; Loss :   0.04,   0.08
       30 |       100 |   0.16 |   0.75 |   0.59 |    18820 | 0:44:12.196687       
       30 |       200 |   0.20 |   0.76 |   0.49 |    18920 | 0:44:26.658839       
       30 |       300 |   0.17 |   0.79 |   0.57 |    19020 | 0:44:40.936686       
       30 |       400 |   0.16 |   0.80 |   0.62 |    19120 | 0:44:55.438981       
       30 |       500 |   0.22 |   0.65 |   0.49 |    19220 | 0:45:09.799516       
       30 |       600 |   0.20 |   0.76 |   0.59 |    19320 | 0:45:23.903391       
Test Accuracy :   0.74 %,   0.50 % ; Loss :   0.04,   0.08
saving model to log/BiLSTM_Harmonizer/models/model_30.ckpt
       31 |       100 |   0.17 |   0.80 |   0.64 |    19444 | 0:45:41.890944       
       31 |       200 |   0.22 |   0.70 |   0.47 |    19544 | 0:45:56.206314       
       31 |       300 |   0.21 |   0.72 |   0.55 |    19644 | 0:46:10.495545       
       31 |       400 |   0.17 |   0.78 |   0.59 |    19744 | 0:46:24.980419       
       31 |       500 |   0.20 |   0.78 |   0.57 |    19844 | 0:46:39.283776       
       31 |       600 |   0.22 |   0.69 |   0.54 |    19944 | 0:46:53.663334       
Test Accuracy :   0.80 %,   0.72 % ; Loss :   0.02,   0.05
       32 |       100 |   0.22 |   0.70 |   0.53 |    20068 | 0:47:11.995488       
       32 |       200 |   0.15 |   0.83 |   0.65 |    20168 | 0:47:26.430121       
       32 |       300 |   0.17 |   0.80 |   0.63 |    20268 | 0:47:40.853926       
       32 |       400 |   0.15 |   0.82 |   0.59 |    20368 | 0:47:55.426367       
       32 |       500 |   0.16 |   0.80 |   0.66 |    20468 | 0:48:10.003508       
       32 |       600 |   0.19 |   0.72 |   0.55 |    20568 | 0:48:24.483272       
Test Accuracy :   0.79 %,   0.77 % ; Loss :   0.02,   0.04
       33 |       100 |   0.20 |   0.78 |   0.54 |    20692 | 0:48:42.932232       
       33 |       200 |   0.19 |   0.71 |   0.61 |    20792 | 0:48:57.558997       
       33 |       300 |   0.16 |   0.79 |   0.60 |    20892 | 0:49:12.132786       
       33 |       400 |   0.12 |   0.83 |   0.77 |    20992 | 0:49:26.636572       
       33 |       500 |   0.19 |   0.74 |   0.57 |    21092 | 0:49:41.180127       
       33 |       600 |   0.18 |   0.73 |   0.56 |    21192 | 0:49:55.702990       
Test Accuracy :   0.78 %,   0.63 % ; Loss :   0.03,   0.06
       34 |       100 |   0.21 |   0.71 |   0.50 |    21316 | 0:50:13.472495       
       34 |       200 |   0.17 |   0.77 |   0.62 |    21416 | 0:50:27.435804       
       34 |       300 |   0.16 |   0.78 |   0.59 |    21516 | 0:50:41.387400       
       34 |       400 |   0.19 |   0.70 |   0.58 |    21616 | 0:50:55.293690       
       34 |       500 |   0.11 |   0.85 |   0.75 |    21716 | 0:51:09.220512       
       34 |       600 |   0.16 |   0.79 |   0.64 |    21816 | 0:51:23.631136       
Test Accuracy :   0.89 %,   0.62 % ; Loss :   0.01,   0.06
       35 |       100 |   0.18 |   0.74 |   0.62 |    21940 | 0:51:41.860336       
       35 |       200 |   0.21 |   0.72 |   0.53 |    22040 | 0:51:56.163224       
       35 |       300 |   0.15 |   0.81 |   0.66 |    22140 | 0:52:10.329477       
       35 |       400 |   0.18 |   0.78 |   0.64 |    22240 | 0:52:24.860207       
       35 |       500 |   0.19 |   0.82 |   0.60 |    22340 | 0:52:39.117750       
       35 |       600 |   0.20 |   0.75 |   0.59 |    22440 | 0:52:53.478072       
Test Accuracy :   0.84 %,   0.74 % ; Loss :   0.03,   0.06
saving model to log/BiLSTM_Harmonizer/models/model_35.ckpt
       36 |       100 |   0.15 |   0.81 |   0.61 |    22564 | 0:53:11.709056       
       36 |       200 |   0.18 |   0.76 |   0.64 |    22664 | 0:53:26.271082       
       36 |       300 |   0.16 |   0.76 |   0.66 |    22764 | 0:53:40.740288       
       36 |       400 |   0.15 |   0.81 |   0.63 |    22864 | 0:53:54.889101       
       36 |       500 |   0.15 |   0.80 |   0.65 |    22964 | 0:54:09.138060       
       36 |       600 |   0.19 |   0.79 |   0.52 |    23064 | 0:54:23.282379       
Test Accuracy :   0.89 %,   0.73 % ; Loss :   0.02,   0.05
       37 |       100 |   0.14 |   0.81 |   0.70 |    23188 | 0:54:41.168389       
       37 |       200 |   0.15 |   0.80 |   0.68 |    23288 | 0:54:55.396605       
       37 |       300 |   0.18 |   0.77 |   0.60 |    23388 | 0:55:09.507605       
       37 |       400 |   0.18 |   0.79 |   0.64 |    23488 | 0:55:23.614165       
       37 |       500 |   0.14 |   0.84 |   0.70 |    23588 | 0:55:37.896295       
       37 |       600 |   0.13 |   0.86 |   0.65 |    23688 | 0:55:52.029798       
Test Accuracy :   0.84 %,   0.66 % ; Loss :   0.03,   0.07
       38 |       100 |   0.17 |   0.76 |   0.58 |    23812 | 0:56:09.812704       
       38 |       200 |   0.12 |   0.83 |   0.73 |    23912 | 0:56:23.790477       
       38 |       300 |   0.15 |   0.80 |   0.62 |    24012 | 0:56:37.757133       
       38 |       400 |   0.18 |   0.71 |   0.63 |    24112 | 0:56:51.888540       
       38 |       500 |   0.18 |   0.78 |   0.52 |    24212 | 0:57:06.277335       
       38 |       600 |   0.20 |   0.74 |   0.53 |    24312 | 0:57:20.664167       
Test Accuracy :   0.86 %,   0.82 % ; Loss :   0.02,   0.04
       39 |       100 |   0.16 |   0.77 |   0.61 |    24436 | 0:57:38.148173       
       39 |       200 |   0.14 |   0.84 |   0.65 |    24536 | 0:57:51.873319       
       39 |       300 |   0.14 |   0.85 |   0.70 |    24636 | 0:58:05.749027       
       39 |       400 |   0.15 |   0.80 |   0.69 |    24736 | 0:58:19.132757       
       39 |       500 |   0.18 |   0.76 |   0.59 |    24836 | 0:58:32.796267       
       39 |       600 |   0.12 |   0.81 |   0.70 |    24936 | 0:58:46.546131       
Test Accuracy :   0.84 %,   0.65 % ; Loss :   0.02,   0.07
       40 |       100 |   0.13 |   0.83 |   0.71 |    25060 | 0:59:04.328013       
       40 |       200 |   0.16 |   0.81 |   0.63 |    25160 | 0:59:18.341475       
       40 |       300 |   0.15 |   0.79 |   0.65 |    25260 | 0:59:32.360815       
       40 |       400 |   0.20 |   0.76 |   0.58 |    25360 | 0:59:46.307533       
       40 |       500 |   0.15 |   0.87 |   0.65 |    25460 | 1:00:00.259384       
       40 |       600 |   0.14 |   0.81 |   0.61 |    25560 | 1:00:14.230740       
Test Accuracy :   0.81 %,   0.70 % ; Loss :   0.02,   0.05
saving model to log/BiLSTM_Harmonizer/models/model_40.ckpt
       41 |       100 |   0.10 |   0.87 |   0.77 |    25684 | 1:00:31.525492       
       41 |       200 |   0.15 |   0.77 |   0.59 |    25784 | 1:00:45.179407       
       41 |       300 |   0.16 |   0.82 |   0.66 |    25884 | 1:00:59.148810       
       41 |       400 |   0.16 |   0.82 |   0.65 |    25984 | 1:01:13.367936       
       41 |       500 |   0.12 |   0.84 |   0.73 |    26084 | 1:01:27.751887       
       41 |       600 |   0.14 |   0.85 |   0.64 |    26184 | 1:01:42.103881       
Test Accuracy :   0.78 %,   0.64 % ; Loss :   0.03,   0.07
       42 |       100 |   0.13 |   0.84 |   0.75 |    26308 | 1:01:59.865138       
       42 |       200 |   0.16 |   0.81 |   0.53 |    26408 | 1:02:13.822976       
       42 |       300 |   0.16 |   0.82 |   0.63 |    26508 | 1:02:27.819324       
       42 |       400 |   0.16 |   0.78 |   0.58 |    26608 | 1:02:41.733776       
       42 |       500 |   0.13 |   0.79 |   0.66 |    26708 | 1:02:55.775368       
       42 |       600 |   0.14 |   0.80 |   0.71 |    26808 | 1:03:09.448565       
Test Accuracy :   0.81 %,   0.57 % ; Loss :   0.02,   0.06
       43 |       100 |   0.15 |   0.84 |   0.64 |    26932 | 1:03:27.625129       
       43 |       200 |   0.11 |   0.88 |   0.74 |    27032 | 1:03:42.059094       
       43 |       300 |   0.15 |   0.82 |   0.65 |    27132 | 1:03:56.370045       
       43 |       400 |   0.14 |   0.80 |   0.68 |    27232 | 1:04:10.678229       
       43 |       500 |   0.14 |   0.78 |   0.67 |    27332 | 1:04:25.037596       
       43 |       600 |   0.16 |   0.83 |   0.64 |    27432 | 1:04:39.440936       
Test Accuracy :   0.80 %,   0.58 % ; Loss :   0.03,   0.06
       44 |       100 |   0.13 |   0.79 |   0.70 |    27556 | 1:04:57.676980       
       44 |       200 |   0.17 |   0.81 |   0.66 |    27656 | 1:05:12.107063       
       44 |       300 |   0.15 |   0.82 |   0.71 |    27756 | 1:05:26.725673       
       44 |       400 |   0.17 |   0.76 |   0.61 |    27856 | 1:05:41.306179       
       44 |       500 |   0.13 |   0.84 |   0.65 |    27956 | 1:05:55.471597       
       44 |       600 |   0.15 |   0.87 |   0.70 |    28056 | 1:06:09.567336       
Test Accuracy :   0.86 %,   0.69 % ; Loss :   0.02,   0.04
       45 |       100 |   0.15 |   0.80 |   0.65 |    28180 | 1:06:27.768013       
       45 |       200 |   0.14 |   0.85 |   0.68 |    28280 | 1:06:42.259032       
       45 |       300 |   0.15 |   0.80 |   0.59 |    28380 | 1:06:56.678762       
       45 |       400 |   0.15 |   0.79 |   0.63 |    28480 | 1:07:11.116100       
       45 |       500 |   0.12 |   0.80 |   0.71 |    28580 | 1:07:25.505183       
       45 |       600 |   0.14 |   0.75 |   0.65 |    28680 | 1:07:39.989403       
Test Accuracy :   0.96 %,   0.76 % ; Loss :   0.01,   0.04
saving model to log/BiLSTM_Harmonizer/models/model_45.ckpt
       46 |       100 |   0.16 |   0.79 |   0.57 |    28804 | 1:07:57.661251       
       46 |       200 |   0.15 |   0.75 |   0.61 |    28904 | 1:08:11.726802       
       46 |       300 |   0.15 |   0.80 |   0.66 |    29004 | 1:08:25.725477       
       46 |       400 |   0.16 |   0.80 |   0.65 |    29104 | 1:08:39.723719       
       46 |       500 |   0.13 |   0.84 |   0.69 |    29204 | 1:08:53.745588       
       46 |       600 |   0.13 |   0.89 |   0.64 |    29304 | 1:09:07.717330       
Test Accuracy :   0.78 %,   0.59 % ; Loss :   0.03,   0.08
       47 |       100 |   0.17 |   0.80 |   0.61 |    29428 | 1:09:24.968934       
       47 |       200 |   0.15 |   0.80 |   0.63 |    29528 | 1:09:38.716256       
       47 |       300 |   0.16 |   0.77 |   0.61 |    29628 | 1:09:52.748256       
       47 |       400 |   0.12 |   0.87 |   0.73 |    29728 | 1:10:06.776863       
       47 |       500 |   0.17 |   0.79 |   0.64 |    29828 | 1:10:20.822692       
       47 |       600 |   0.16 |   0.80 |   0.65 |    29928 | 1:10:34.859900       
Test Accuracy :   0.80 %,   0.67 % ; Loss :   0.03,   0.06
       48 |       100 |   0.13 |   0.91 |   0.68 |    30052 | 1:10:52.871489       
       48 |       200 |   0.17 |   0.82 |   0.63 |    30152 | 1:11:07.355832       
       48 |       300 |   0.11 |   0.89 |   0.70 |    30252 | 1:11:21.551722       
       48 |       400 |   0.12 |   0.83 |   0.74 |    30352 | 1:11:35.951058       
       48 |       500 |   0.16 |   0.79 |   0.57 |    30452 | 1:11:50.003563       
       48 |       600 |   0.13 |   0.82 |   0.68 |    30552 | 1:12:04.105647       
Test Accuracy :   0.95 %,   0.79 % ; Loss :   0.01,   0.03
       49 |       100 |   0.13 |   0.83 |   0.71 |    30676 | 1:12:22.028478       
       49 |       200 |   0.13 |   0.83 |   0.70 |    30776 | 1:12:36.359137       
       49 |       300 |   0.13 |   0.80 |   0.63 |    30876 | 1:12:50.751482       
       49 |       400 |   0.08 |   0.88 |   0.78 |    30976 | 1:13:05.137856       
       49 |       500 |   0.12 |   0.87 |   0.73 |    31076 | 1:13:19.253272       
       49 |       600 |   0.14 |   0.78 |   0.63 |    31176 | 1:13:33.209023       
Test Accuracy :   0.78 %,   0.67 % ; Loss :   0.03,   0.05
       50 |       100 |   0.13 |   0.81 |   0.63 |    31300 | 1:13:51.527885       
       50 |       200 |   0.13 |   0.87 |   0.67 |    31400 | 1:14:05.506638       
       50 |       300 |   0.12 |   0.86 |   0.74 |    31500 | 1:14:19.713916       
       50 |       400 |   0.12 |   0.82 |   0.70 |    31600 | 1:14:34.250510       
       50 |       500 |   0.13 |   0.86 |   0.74 |    31700 | 1:14:48.533323       
       50 |       600 |   0.16 |   0.80 |   0.52 |    31800 | 1:15:02.828445       
Test Accuracy :   0.84 %,   0.76 % ; Loss :   0.02,   0.04
saving model to log/BiLSTM_Harmonizer/models/model_50.ckpt
       51 |       100 |   0.18 |   0.79 |   0.62 |    31924 | 1:15:20.546472       
       51 |       200 |   0.12 |   0.89 |   0.78 |    32024 | 1:15:34.651869       
       51 |       300 |   0.12 |   0.90 |   0.67 |    32124 | 1:15:48.816631       
       51 |       400 |   0.11 |   0.91 |   0.74 |    32224 | 1:16:01.158175       
       51 |       500 |   0.13 |   0.89 |   0.70 |    32324 | 1:16:14.395146       
       51 |       600 |   0.16 |   0.80 |   0.62 |    32424 | 1:16:28.522158       
Test Accuracy :   0.91 %,   0.79 % ; Loss :   0.02,   0.04
       52 |       100 |   0.15 |   0.77 |   0.64 |    32548 | 1:16:46.680069       
       52 |       200 |   0.14 |   0.82 |   0.68 |    32648 | 1:17:01.089638       
       52 |       300 |   0.13 |   0.85 |   0.69 |    32748 | 1:17:15.531504       
       52 |       400 |   0.14 |   0.75 |   0.64 |    32848 | 1:17:30.003921       
       52 |       500 |   0.13 |   0.89 |   0.73 |    32948 | 1:17:44.517158       
       52 |       600 |   0.11 |   0.83 |   0.70 |    33048 | 1:17:58.904458       
Test Accuracy :   0.78 %,   0.71 % ; Loss :   0.02,   0.04
       53 |       100 |   0.10 |   0.88 |   0.77 |    33172 | 1:18:16.948067       
       53 |       200 |   0.18 |   0.76 |   0.57 |    33272 | 1:18:31.016110       
       53 |       300 |   0.09 |   0.92 |   0.80 |    33372 | 1:18:44.867920       
       53 |       400 |   0.11 |   0.80 |   0.71 |    33472 | 1:18:58.820977       
       53 |       500 |   0.13 |   0.84 |   0.72 |    33572 | 1:19:13.457396       
       53 |       600 |   0.15 |   0.80 |   0.62 |    33672 | 1:19:28.266136       
Test Accuracy :   0.87 %,   0.74 % ; Loss :   0.02,   0.05
       54 |       100 |   0.14 |   0.81 |   0.64 |    33796 | 1:19:45.868172       
       54 |       200 |   0.14 |   0.86 |   0.66 |    33896 | 1:19:59.928237       
       54 |       300 |   0.09 |   0.91 |   0.77 |    33996 | 1:20:14.532492       
       54 |       400 |   0.10 |   0.86 |   0.75 |    34096 | 1:20:29.183794       
       54 |       500 |   0.13 |   0.86 |   0.69 |    34196 | 1:20:43.727508       
       54 |       600 |   0.11 |   0.89 |   0.73 |    34296 | 1:20:57.860140       
Test Accuracy :   0.92 %,   0.59 % ; Loss :   0.02,   0.06
       55 |       100 |   0.11 |   0.88 |   0.72 |    34420 | 1:21:16.450115       
       55 |       200 |   0.12 |   0.87 |   0.67 |    34520 | 1:21:31.095542       
       55 |       300 |   0.14 |   0.81 |   0.65 |    34620 | 1:21:45.803821       
       55 |       400 |   0.17 |   0.79 |   0.61 |    34720 | 1:22:00.373147       
       55 |       500 |   0.11 |   0.85 |   0.81 |    34820 | 1:22:14.976222       
       55 |       600 |   0.10 |   0.90 |   0.77 |    34920 | 1:22:29.438957       
Test Accuracy :   0.88 %,   0.65 % ; Loss :   0.02,   0.08
saving model to log/BiLSTM_Harmonizer/models/model_55.ckpt
       56 |       100 |   0.11 |   0.85 |   0.73 |    35044 | 1:22:47.734536       
       56 |       200 |   0.12 |   0.87 |   0.72 |    35144 | 1:23:02.050214       
       56 |       300 |   0.12 |   0.85 |   0.71 |    35244 | 1:23:16.331945       
       56 |       400 |   0.12 |   0.81 |   0.70 |    35344 | 1:23:30.765208       
       56 |       500 |   0.09 |   0.96 |   0.78 |    35444 | 1:23:45.315904       
       56 |       600 |   0.14 |   0.84 |   0.63 |    35544 | 1:23:59.701189       
Test Accuracy :   0.75 %,   0.55 % ; Loss :   0.03,   0.07
       57 |       100 |   0.11 |   0.88 |   0.75 |    35668 | 1:24:17.094346       
       57 |       200 |   0.16 |   0.87 |   0.65 |    35768 | 1:24:31.594624       
       57 |       300 |   0.15 |   0.80 |   0.64 |    35868 | 1:24:46.151761       
       57 |       400 |   0.20 |   0.73 |   0.49 |    35968 | 1:25:00.901245       
       57 |       500 |   0.14 |   0.83 |   0.67 |    36068 | 1:25:15.521475       
       57 |       600 |   0.14 |   0.86 |   0.65 |    36168 | 1:25:30.056785       
Test Accuracy :   0.85 %,   0.53 % ; Loss :   0.03,   0.07
       58 |       100 |   0.11 |   0.89 |   0.74 |    36292 | 1:25:48.708511       
       58 |       200 |   0.13 |   0.84 |   0.72 |    36392 | 1:26:03.337953       
       58 |       300 |   0.11 |   0.87 |   0.70 |    36492 | 1:26:17.897029       
       58 |       400 |   0.15 |   0.84 |   0.66 |    36592 | 1:26:32.403654       
       58 |       500 |   0.13 |   0.83 |   0.72 |    36692 | 1:26:46.822854       
       58 |       600 |   0.11 |   0.87 |   0.75 |    36792 | 1:27:01.468687       
Test Accuracy :   0.84 %,   0.67 % ; Loss :   0.02,   0.04
       59 |       100 |   0.14 |   0.89 |   0.77 |    36916 | 1:27:19.921972       
       59 |       200 |   0.12 |   0.89 |   0.74 |    37016 | 1:27:34.355032       
       59 |       300 |   0.12 |   0.90 |   0.70 |    37116 | 1:27:48.898047       
       59 |       400 |   0.09 |   0.92 |   0.78 |    37216 | 1:28:03.613338       
       59 |       500 |   0.14 |   0.79 |   0.69 |    37316 | 1:28:18.204084       
       59 |       600 |   0.14 |   0.89 |   0.70 |    37416 | 1:28:32.671070       
Test Accuracy :   0.84 %,   0.67 % ; Loss :   0.02,   0.05
       60 |       100 |   0.10 |   0.86 |   0.71 |    37540 | 1:28:51.290985       
       60 |       200 |   0.13 |   0.89 |   0.72 |    37640 | 1:29:05.869845       
       60 |       300 |   0.14 |   0.87 |   0.62 |    37740 | 1:29:20.295788       
       60 |       400 |   0.12 |   0.88 |   0.74 |    37840 | 1:29:34.903626       
       60 |       500 |   0.10 |   0.87 |   0.74 |    37940 | 1:29:49.348993       
       60 |       600 |   0.12 |   0.85 |   0.69 |    38040 | 1:30:04.008278       
Test Accuracy :   0.86 %,   0.74 % ; Loss :   0.02,   0.06
saving model to log/BiLSTM_Harmonizer/models/model_60.ckpt
       61 |       100 |   0.10 |   0.86 |   0.74 |    38164 | 1:30:22.304294       
       61 |       200 |   0.11 |   0.91 |   0.75 |    38264 | 1:30:36.327482       
       61 |       300 |   0.12 |   0.84 |   0.69 |    38364 | 1:30:50.765307       
       61 |       400 |   0.10 |   0.91 |   0.75 |    38464 | 1:31:05.335755       
       61 |       500 |   0.10 |   0.89 |   0.76 |    38564 | 1:31:19.816172       
       61 |       600 |   0.11 |   0.92 |   0.62 |    38664 | 1:31:34.371400       
Test Accuracy :   0.85 %,   0.80 % ; Loss :   0.02,   0.03
       62 |       100 |   0.09 |   0.83 |   0.74 |    38788 | 1:31:52.824031       
       62 |       200 |   0.15 |   0.78 |   0.64 |    38888 | 1:32:07.363925       
       62 |       300 |   0.09 |   0.88 |   0.76 |    38988 | 1:32:21.719541       
       62 |       400 |   0.10 |   0.89 |   0.73 |    39088 | 1:32:36.486466       
       62 |       500 |   0.13 |   0.84 |   0.69 |    39188 | 1:32:50.831563       
       62 |       600 |   0.15 |   0.81 |   0.62 |    39288 | 1:33:05.213229       
Test Accuracy :   0.91 %,   0.77 % ; Loss :   0.02,   0.05
       63 |       100 |   0.13 |   0.86 |   0.67 |    39412 | 1:33:23.655128       
       63 |       200 |   0.14 |   0.83 |   0.58 |    39512 | 1:33:38.473930       
       63 |       300 |   0.13 |   0.86 |   0.66 |    39612 | 1:33:53.403385       
       63 |       400 |   0.10 |   0.85 |   0.77 |    39712 | 1:34:08.393946       
       63 |       500 |   0.14 |   0.86 |   0.67 |    39812 | 1:34:23.390888       
       63 |       600 |   0.12 |   0.84 |   0.74 |    39912 | 1:34:38.444803       
Test Accuracy :   0.81 %,   0.73 % ; Loss :   0.03,   0.05
       64 |       100 |   0.11 |   0.88 |   0.74 |    40036 | 1:34:56.679978       
       64 |       200 |   0.09 |   0.89 |   0.75 |    40136 | 1:35:09.579896       
       64 |       300 |   0.14 |   0.87 |   0.70 |    40236 | 1:35:23.603370       
       64 |       400 |   0.13 |   0.84 |   0.69 |    40336 | 1:35:37.487241       
       64 |       500 |   0.12 |   0.89 |   0.75 |    40436 | 1:35:51.943991       
       64 |       600 |   0.10 |   0.91 |   0.73 |    40536 | 1:36:06.598531       
Test Accuracy :   0.83 %,   0.75 % ; Loss :   0.02,   0.04
       65 |       100 |   0.12 |   0.89 |   0.79 |    40660 | 1:36:24.919528       
       65 |       200 |   0.12 |   0.85 |   0.73 |    40760 | 1:36:39.402921       
       65 |       300 |   0.08 |   0.91 |   0.80 |    40860 | 1:36:53.800610       
       65 |       400 |   0.12 |   0.87 |   0.76 |    40960 | 1:37:08.228803       
       65 |       500 |   0.11 |   0.94 |   0.74 |    41060 | 1:37:22.652756       
       65 |       600 |   0.11 |   0.83 |   0.81 |    41160 | 1:37:37.121666       
Test Accuracy :   0.89 %,   0.77 % ; Loss :   0.01,   0.03
saving model to log/BiLSTM_Harmonizer/models/model_65.ckpt
       66 |       100 |   0.08 |   0.90 |   0.76 |    41284 | 1:37:55.679642       
       66 |       200 |   0.11 |   0.85 |   0.78 |    41384 | 1:38:10.222604       
       66 |       300 |   0.14 |   0.87 |   0.66 |    41484 | 1:38:24.727290       
       66 |       400 |   0.09 |   0.90 |   0.73 |    41584 | 1:38:39.240218       
       66 |       500 |   0.08 |   0.95 |   0.81 |    41684 | 1:38:53.721578       
       66 |       600 |   0.14 |   0.87 |   0.73 |    41784 | 1:39:08.316453       
Test Accuracy :   0.91 %,   0.75 % ; Loss :   0.02,   0.03
       67 |       100 |   0.11 |   0.91 |   0.76 |    41908 | 1:39:27.052641       
       67 |       200 |   0.08 |   0.90 |   0.80 |    42008 | 1:39:41.476191       
       67 |       300 |   0.16 |   0.86 |   0.58 |    42108 | 1:39:56.196716       
       67 |       400 |   0.14 |   0.81 |   0.67 |    42208 | 1:40:10.887518       
       67 |       500 |   0.08 |   0.95 |   0.82 |    42308 | 1:40:25.368943       
       67 |       600 |   0.12 |   0.91 |   0.70 |    42408 | 1:40:39.823159       
Test Accuracy :   0.94 %,   0.88 % ; Loss :   0.02,   0.03
       68 |       100 |   0.10 |   0.89 |   0.75 |    42532 | 1:40:58.445015       
       68 |       200 |   0.11 |   0.90 |   0.77 |    42632 | 1:41:12.893281       
       68 |       300 |   0.09 |   0.90 |   0.83 |    42732 | 1:41:27.579194       
       68 |       400 |   0.11 |   0.88 |   0.71 |    42832 | 1:41:42.255569       
       68 |       500 |   0.11 |   0.84 |   0.74 |    42932 | 1:41:56.194902       
       68 |       600 |   0.11 |   0.87 |   0.72 |    43032 | 1:42:10.744623       
Test Accuracy :   0.93 %,   0.87 % ; Loss :   0.01,   0.02
       69 |       100 |   0.11 |   0.91 |   0.76 |    43156 | 1:42:28.907640       
       69 |       200 |   0.13 |   0.83 |   0.71 |    43256 | 1:42:43.580884       
       69 |       300 |   0.15 |   0.89 |   0.63 |    43356 | 1:42:58.184373       
       69 |       400 |   0.11 |   0.90 |   0.70 |    43456 | 1:43:12.626446       
       69 |       500 |   0.10 |   0.93 |   0.77 |    43556 | 1:43:27.192430       
       69 |       600 |   0.10 |   0.89 |   0.76 |    43656 | 1:43:41.896756       
Test Accuracy :   0.92 %,   0.74 % ; Loss :   0.02,   0.06
       70 |       100 |   0.16 |   0.82 |   0.60 |    43780 | 1:44:00.458273       
       70 |       200 |   0.07 |   0.95 |   0.85 |    43880 | 1:44:15.155806       
       70 |       300 |   0.14 |   0.82 |   0.70 |    43980 | 1:44:29.808193       
       70 |       400 |   0.09 |   0.89 |   0.78 |    44080 | 1:44:44.072657       
       70 |       500 |   0.10 |   0.87 |   0.74 |    44180 | 1:44:58.741094       
       70 |       600 |   0.10 |   0.84 |   0.76 |    44280 | 1:45:13.251763       
Test Accuracy :   0.94 %,   0.84 % ; Loss :   0.01,   0.03
saving model to log/BiLSTM_Harmonizer/models/model_70.ckpt
       71 |       100 |   0.08 |   0.90 |   0.81 |    44404 | 1:45:31.832002       
       71 |       200 |   0.07 |   0.93 |   0.81 |    44504 | 1:45:46.342290       
       71 |       300 |   0.13 |   0.89 |   0.74 |    44604 | 1:46:00.851721       
       71 |       400 |   0.12 |   0.80 |   0.64 |    44704 | 1:46:15.410422       
       71 |       500 |   0.13 |   0.88 |   0.75 |    44804 | 1:46:29.848014       
       71 |       600 |   0.12 |   0.88 |   0.72 |    44904 | 1:46:44.174731       
Test Accuracy :   0.92 %,   0.80 % ; Loss :   0.01,   0.04
       72 |       100 |   0.13 |   0.85 |   0.64 |    45028 | 1:47:02.639749       
       72 |       200 |   0.14 |   0.84 |   0.67 |    45128 | 1:47:16.455742       
       72 |       300 |   0.10 |   0.85 |   0.73 |    45228 | 1:47:30.912702       
       72 |       400 |   0.13 |   0.86 |   0.68 |    45328 | 1:47:45.298859       
       72 |       500 |   0.10 |   0.87 |   0.77 |    45428 | 1:47:59.782727       
       72 |       600 |   0.08 |   0.91 |   0.84 |    45528 | 1:48:14.325865       
Test Accuracy :   0.97 %,   0.86 % ; Loss :   0.00,   0.03
       73 |       100 |   0.11 |   0.84 |   0.75 |    45652 | 1:48:32.618428       
       73 |       200 |   0.12 |   0.85 |   0.75 |    45752 | 1:48:47.168281       
       73 |       300 |   0.10 |   0.90 |   0.74 |    45852 | 1:49:01.864887       
       73 |       400 |   0.12 |   0.86 |   0.74 |    45952 | 1:49:16.676209       
       73 |       500 |   0.10 |   0.85 |   0.72 |    46052 | 1:49:31.324945       
       73 |       600 |   0.13 |   0.87 |   0.70 |    46152 | 1:49:45.918698       
Test Accuracy :   0.87 %,   0.69 % ; Loss :   0.02,   0.06
       74 |       100 |   0.11 |   0.86 |   0.77 |    46276 | 1:50:04.181169       
       74 |       200 |   0.10 |   0.91 |   0.76 |    46376 | 1:50:18.745833       
       74 |       300 |   0.08 |   0.97 |   0.82 |    46476 | 1:50:33.526178       
       74 |       400 |   0.08 |   0.93 |   0.78 |    46576 | 1:50:47.993613       
       74 |       500 |   0.13 |   0.89 |   0.72 |    46676 | 1:51:02.645122       
       74 |       600 |   0.13 |   0.84 |   0.65 |    46776 | 1:51:17.259984       
Test Accuracy :   0.82 %,   0.79 % ; Loss :   0.03,   0.04
       75 |       100 |   0.11 |   0.84 |   0.74 |    46900 | 1:51:35.791960       
       75 |       200 |   0.07 |   0.91 |   0.84 |    47000 | 1:51:50.436359       
       75 |       300 |   0.10 |   0.90 |   0.79 |    47100 | 1:52:05.200327       
       75 |       400 |   0.12 |   0.88 |   0.68 |    47200 | 1:52:19.403824       
       75 |       500 |   0.12 |   0.85 |   0.69 |    47300 | 1:52:33.913649       
       75 |       600 |   0.09 |   0.86 |   0.76 |    47400 | 1:52:48.454656       
Test Accuracy :   0.86 %,   0.85 % ; Loss :   0.02,   0.03
saving model to log/BiLSTM_Harmonizer/models/model_75.ckpt
       76 |       100 |   0.10 |   0.91 |   0.80 |    47524 | 1:53:07.227560       
       76 |       200 |   0.12 |   0.88 |   0.69 |    47624 | 1:53:21.888318       
       76 |       300 |   0.09 |   0.89 |   0.78 |    47724 | 1:53:36.305232       
       76 |       400 |   0.14 |   0.82 |   0.66 |    47824 | 1:53:50.580184       
       76 |       500 |   0.14 |   0.80 |   0.71 |    47924 | 1:54:05.064637       
       76 |       600 |   0.09 |   0.85 |   0.79 |    48024 | 1:54:19.618753       
Test Accuracy :   0.87 %,   0.83 % ; Loss :   0.02,   0.03
       77 |       100 |   0.12 |   0.80 |   0.72 |    48148 | 1:54:38.402646       
       77 |       200 |   0.09 |   0.91 |   0.79 |    48248 | 1:54:53.054297       
       77 |       300 |   0.11 |   0.84 |   0.73 |    48348 | 1:55:07.558642       
       77 |       400 |   0.12 |   0.85 |   0.71 |    48448 | 1:55:22.322761       
       77 |       500 |   0.11 |   0.90 |   0.71 |    48548 | 1:55:36.884059       
       77 |       600 |   0.10 |   0.92 |   0.79 |    48648 | 1:55:51.423680       
Test Accuracy :   0.87 %,   0.74 % ; Loss :   0.02,   0.05
       78 |       100 |   0.10 |   0.90 |   0.69 |    48772 | 1:56:09.910596       
       78 |       200 |   0.09 |   0.91 |   0.81 |    48872 | 1:56:24.433846       
       78 |       300 |   0.13 |   0.83 |   0.69 |    48972 | 1:56:39.000438       
       78 |       400 |   0.07 |   0.95 |   0.86 |    49072 | 1:56:53.603677       
       78 |       500 |   0.10 |   0.87 |   0.74 |    49172 | 1:57:08.482512       
       78 |       600 |   0.12 |   0.90 |   0.71 |    49272 | 1:57:23.070791       
Test Accuracy :   0.82 %,   0.71 % ; Loss :   0.02,   0.05
       79 |       100 |   0.11 |   0.92 |   0.76 |    49396 | 1:57:41.946480       
       79 |       200 |   0.09 |   0.92 |   0.78 |    49496 | 1:57:56.621245       
       79 |       300 |   0.08 |   0.93 |   0.81 |    49596 | 1:58:10.800379       
       79 |       400 |   0.11 |   0.92 |   0.76 |    49696 | 1:58:25.322684       
       79 |       500 |   0.10 |   0.84 |   0.72 |    49796 | 1:58:39.616532       
       79 |       600 |   0.11 |   0.89 |   0.73 |    49896 | 1:58:54.097386       
Test Accuracy :   0.84 %,   0.66 % ; Loss :   0.02,   0.08
       80 |       100 |   0.09 |   0.86 |   0.77 |    50020 | 1:59:12.617308       
       80 |       200 |   0.09 |   0.90 |   0.81 |    50120 | 1:59:27.067726       
       80 |       300 |   0.10 |   0.87 |   0.77 |    50220 | 1:59:41.347711       
       80 |       400 |   0.16 |   0.88 |   0.62 |    50320 | 1:59:56.102954       
       80 |       500 |   0.08 |   0.95 |   0.83 |    50420 | 2:00:10.803708       
       80 |       600 |   0.11 |   0.93 |   0.71 |    50520 | 2:00:25.174517       
Test Accuracy :   0.78 %,   0.60 % ; Loss :   0.03,   0.07
saving model to log/BiLSTM_Harmonizer/models/model_80.ckpt
       81 |       100 |   0.11 |   0.91 |   0.74 |    50644 | 2:00:43.760169       
       81 |       200 |   0.12 |   0.85 |   0.62 |    50744 | 2:00:58.229574       
       81 |       300 |   0.09 |   0.94 |   0.80 |    50844 | 2:01:12.925268       
       81 |       400 |   0.09 |   0.88 |   0.79 |    50944 | 2:01:27.423476       
       81 |       500 |   0.19 |   0.82 |   0.64 |    51044 | 2:01:41.835428       
       81 |       600 |   0.10 |   0.84 |   0.78 |    51144 | 2:01:56.538682       
Test Accuracy :   0.86 %,   0.78 % ; Loss :   0.02,   0.04
       82 |       100 |   0.13 |   0.87 |   0.70 |    51268 | 2:02:15.008993       
       82 |       200 |   0.10 |   0.86 |   0.72 |    51368 | 2:02:29.331236       
       82 |       300 |   0.09 |   0.87 |   0.76 |    51468 | 2:02:43.900230       
       82 |       400 |   0.09 |   0.92 |   0.74 |    51568 | 2:02:58.128711       
       82 |       500 |   0.13 |   0.88 |   0.70 |    51668 | 2:03:12.633857       
       82 |       600 |   0.11 |   0.87 |   0.76 |    51768 | 2:03:26.799457       
Test Accuracy :   0.82 %,   0.70 % ; Loss :   0.02,   0.05
       83 |       100 |   0.08 |   0.92 |   0.77 |    51892 | 2:03:45.350706       
       83 |       200 |   0.11 |   0.85 |   0.78 |    51992 | 2:04:00.081401       
       83 |       300 |   0.12 |   0.86 |   0.70 |    52092 | 2:04:14.701135       
       83 |       400 |   0.12 |   0.85 |   0.70 |    52192 | 2:04:29.286487       
       83 |       500 |   0.10 |   0.84 |   0.74 |    52292 | 2:04:43.805400       
       83 |       600 |   0.14 |   0.82 |   0.69 |    52392 | 2:04:58.159683       
Test Accuracy :   0.93 %,   0.77 % ; Loss :   0.01,   0.04
       84 |       100 |   0.11 |   0.87 |   0.73 |    52516 | 2:05:17.083060       
       84 |       200 |   0.09 |   0.88 |   0.78 |    52616 | 2:05:31.832390       
       84 |       300 |   0.11 |   0.87 |   0.77 |    52716 | 2:05:46.365786       
       84 |       400 |   0.10 |   0.90 |   0.81 |    52816 | 2:06:00.892883       
       84 |       500 |   0.11 |   0.88 |   0.69 |    52916 | 2:06:15.229362       
       84 |       600 |   0.06 |   0.90 |   0.85 |    53016 | 2:06:29.801134       
Test Accuracy :   0.89 %,   0.62 % ; Loss :   0.01,   0.06
       85 |       100 |   0.11 |   0.86 |   0.73 |    53140 | 2:06:48.596897       
       85 |       200 |   0.11 |   0.92 |   0.79 |    53240 | 2:07:03.228694       
       85 |       300 |   0.11 |   0.89 |   0.76 |    53340 | 2:07:17.823492       
       85 |       400 |   0.12 |   0.84 |   0.70 |    53440 | 2:07:32.075921       
       85 |       500 |   0.14 |   0.87 |   0.68 |    53540 | 2:07:46.744178       
       85 |       600 |   0.12 |   0.84 |   0.71 |    53640 | 2:08:00.973848       
Test Accuracy :   0.93 %,   0.77 % ; Loss :   0.01,   0.04
saving model to log/BiLSTM_Harmonizer/models/model_85.ckpt
       86 |       100 |   0.14 |   0.88 |   0.69 |    53764 | 2:08:19.441445       
       86 |       200 |   0.15 |   0.86 |   0.66 |    53864 | 2:08:33.859845       
       86 |       300 |   0.14 |   0.79 |   0.65 |    53964 | 2:08:48.220970       
       86 |       400 |   0.10 |   0.87 |   0.72 |    54064 | 2:09:02.732505       
       86 |       500 |   0.12 |   0.82 |   0.71 |    54164 | 2:09:17.366397       
       86 |       600 |   0.12 |   0.87 |   0.69 |    54264 | 2:09:31.895916       
Test Accuracy :   0.97 %,   0.89 % ; Loss :   0.01,   0.02
       87 |       100 |   0.10 |   0.92 |   0.81 |    54388 | 2:09:50.675922       
       87 |       200 |   0.10 |   0.90 |   0.74 |    54488 | 2:10:05.142155       
       87 |       300 |   0.15 |   0.80 |   0.58 |    54588 | 2:10:19.679840       
       87 |       400 |   0.11 |   0.89 |   0.76 |    54688 | 2:10:34.344864       
       87 |       500 |   0.08 |   0.91 |   0.79 |    54788 | 2:10:48.885253       
       87 |       600 |   0.12 |   0.82 |   0.72 |    54888 | 2:11:03.380021       
Test Accuracy :   0.81 %,   0.65 % ; Loss :   0.03,   0.06
       88 |       100 |   0.13 |   0.80 |   0.71 |    55012 | 2:11:22.170044       
       88 |       200 |   0.09 |   0.93 |   0.74 |    55112 | 2:11:36.860293       
       88 |       300 |   0.12 |   0.80 |   0.70 |    55212 | 2:11:51.418841       
       88 |       400 |   0.13 |   0.85 |   0.71 |    55312 | 2:12:06.145250       
       88 |       500 |   0.09 |   0.89 |   0.80 |    55412 | 2:12:20.740983       
       88 |       600 |   0.12 |   0.79 |   0.64 |    55512 | 2:12:35.458982       
Test Accuracy :   0.89 %,   0.75 % ; Loss :   0.02,   0.05
       89 |       100 |   0.11 |   0.88 |   0.77 |    55636 | 2:12:54.297493       
       89 |       200 |   0.06 |   0.94 |   0.85 |    55736 | 2:13:08.892670       
       89 |       300 |   0.10 |   0.91 |   0.79 |    55836 | 2:13:22.804279       
       89 |       400 |   0.10 |   0.90 |   0.71 |    55936 | 2:13:36.992853       
       89 |       500 |   0.10 |   0.86 |   0.76 |    56036 | 2:13:51.596838       
       89 |       600 |   0.08 |   0.88 |   0.80 |    56136 | 2:14:06.290720       
Test Accuracy :   0.83 %,   0.76 % ; Loss :   0.02,   0.05
       90 |       100 |   0.15 |   0.85 |   0.63 |    56260 | 2:14:25.005360       
       90 |       200 |   0.11 |   0.84 |   0.70 |    56360 | 2:14:39.620122       
       90 |       300 |   0.10 |   0.84 |   0.78 |    56460 | 2:14:54.124756       
       90 |       400 |   0.13 |   0.82 |   0.66 |    56560 | 2:15:08.559797       
       90 |       500 |   0.09 |   0.92 |   0.80 |    56660 | 2:15:23.011259       
       90 |       600 |   0.11 |   0.87 |   0.70 |    56760 | 2:15:37.575544       
Test Accuracy :   0.84 %,   0.78 % ; Loss :   0.02,   0.04
saving model to log/BiLSTM_Harmonizer/models/model_90.ckpt
       91 |       100 |   0.08 |   0.90 |   0.80 |    56884 | 2:15:56.236237       
       91 |       200 |   0.10 |   0.88 |   0.73 |    56984 | 2:16:10.538329       
       91 |       300 |   0.14 |   0.85 |   0.67 |    57084 | 2:16:24.874011       
       91 |       400 |   0.09 |   0.89 |   0.75 |    57184 | 2:16:39.529447       
       91 |       500 |   0.11 |   0.84 |   0.73 |    57284 | 2:16:54.190156       
       91 |       600 |   0.10 |   0.86 |   0.75 |    57384 | 2:17:08.338780       
Test Accuracy :   0.98 %,   0.84 % ; Loss :   0.01,   0.03
       92 |       100 |   0.12 |   0.85 |   0.68 |    57508 | 2:17:27.202954       
       92 |       200 |   0.08 |   0.94 |   0.84 |    57608 | 2:17:41.450738       
       92 |       300 |   0.12 |   0.88 |   0.70 |    57708 | 2:17:55.680298       
       92 |       400 |   0.12 |   0.88 |   0.68 |    57808 | 2:18:10.402135       
       92 |       500 |   0.15 |   0.81 |   0.64 |    57908 | 2:18:24.749939       
       92 |       600 |   0.05 |   0.94 |   0.85 |    58008 | 2:18:39.399916       
Test Accuracy :   0.92 %,   0.92 % ; Loss :   0.01,   0.02
       93 |       100 |   0.08 |   0.90 |   0.85 |    58132 | 2:18:58.277991       
       93 |       200 |   0.11 |   0.88 |   0.74 |    58232 | 2:19:13.060601       
       93 |       300 |   0.10 |   0.88 |   0.77 |    58332 | 2:19:27.853045       
       93 |       400 |   0.10 |   0.91 |   0.82 |    58432 | 2:19:42.631362       
       93 |       500 |   0.13 |   0.83 |   0.72 |    58532 | 2:19:57.333225       
       93 |       600 |   0.09 |   0.90 |   0.79 |    58632 | 2:20:12.024119       
Test Accuracy :   0.93 %,   0.64 % ; Loss :   0.02,   0.05
       94 |       100 |   0.14 |   0.78 |   0.65 |    58756 | 2:20:30.688061       
       94 |       200 |   0.14 |   0.84 |   0.67 |    58856 | 2:20:45.075847       
       94 |       300 |   0.08 |   0.92 |   0.84 |    58956 | 2:20:58.977488       
       94 |       400 |   0.09 |   0.89 |   0.85 |    59056 | 2:21:13.488264       
       94 |       500 |   0.11 |   0.89 |   0.72 |    59156 | 2:21:28.080072       
       94 |       600 |   0.11 |   0.86 |   0.71 |    59256 | 2:21:42.484603       
Test Accuracy :   0.91 %,   0.83 % ; Loss :   0.02,   0.03
       95 |       100 |   0.11 |   0.88 |   0.72 |    59380 | 2:22:01.307879       
       95 |       200 |   0.11 |   0.86 |   0.76 |    59480 | 2:22:15.929384       
       95 |       300 |   0.13 |   0.86 |   0.71 |    59580 | 2:22:30.200547       
       95 |       400 |   0.11 |   0.88 |   0.76 |    59680 | 2:22:44.298319       
       95 |       500 |   0.12 |   0.85 |   0.69 |    59780 | 2:22:58.583546       
       95 |       600 |   0.11 |   0.85 |   0.79 |    59880 | 2:23:12.756119       
Test Accuracy :   0.94 %,   0.85 % ; Loss :   0.01,   0.03
saving model to log/BiLSTM_Harmonizer/models/model_95.ckpt
       96 |       100 |   0.10 |   0.88 |   0.73 |    60004 | 2:23:31.154934       
       96 |       200 |   0.07 |   0.90 |   0.81 |    60104 | 2:23:45.668770       
       96 |       300 |   0.13 |   0.85 |   0.72 |    60204 | 2:23:59.552549       
       96 |       400 |   0.11 |   0.89 |   0.71 |    60304 | 2:24:13.719602       
       96 |       500 |   0.07 |   0.90 |   0.79 |    60404 | 2:24:28.619711       
       96 |       600 |   0.08 |   0.88 |   0.81 |    60504 | 2:24:43.324447       
Test Accuracy :   0.90 %,   0.85 % ; Loss :   0.01,   0.03
       97 |       100 |   0.12 |   0.89 |   0.68 |    60628 | 2:25:02.000183       
       97 |       200 |   0.13 |   0.83 |   0.73 |    60728 | 2:25:16.731150       
       97 |       300 |   0.08 |   0.89 |   0.81 |    60828 | 2:25:31.555028       
       97 |       400 |   0.09 |   0.90 |   0.78 |    60928 | 2:25:46.304639       
       97 |       500 |   0.11 |   0.86 |   0.70 |    61028 | 2:26:00.749651       
       97 |       600 |   0.08 |   0.92 |   0.83 |    61128 | 2:26:15.410436       
Test Accuracy :   0.77 %,   0.44 % ; Loss :   0.03,   0.08
       98 |       100 |   0.11 |   0.83 |   0.77 |    61252 | 2:26:34.228810       
       98 |       200 |   0.09 |   0.90 |   0.77 |    61352 | 2:26:48.866120       
       98 |       300 |   0.08 |   0.89 |   0.82 |    61452 | 2:27:02.978976       
       98 |       400 |   0.08 |   0.87 |   0.80 |    61552 | 2:27:17.251935       
       98 |       500 |   0.11 |   0.89 |   0.72 |    61652 | 2:27:31.559436       
       98 |       600 |   0.11 |   0.89 |   0.74 |    61752 | 2:27:45.576754       
Test Accuracy :   0.93 %,   0.89 % ; Loss :   0.01,   0.02
       99 |       100 |   0.11 |   0.88 |   0.74 |    61876 | 2:28:02.320536       
       99 |       200 |   0.12 |   0.86 |   0.71 |    61976 | 2:28:16.611892       
       99 |       300 |   0.09 |   0.92 |   0.74 |    62076 | 2:28:30.684126       
       99 |       400 |   0.09 |   0.88 |   0.75 |    62176 | 2:28:44.773479       
       99 |       500 |   0.10 |   0.85 |   0.75 |    62276 | 2:28:59.010401       
       99 |       600 |   0.10 |   0.86 |   0.76 |    62376 | 2:29:12.895812       
Test Accuracy :   0.89 %,   0.74 % ; Loss :   0.02,   0.05
      100 |       100 |   0.12 |   0.87 |   0.71 |    62500 | 2:29:31.279869       
      100 |       200 |   0.09 |   0.93 |   0.79 |    62600 | 2:29:45.451584       
      100 |       300 |   0.15 |   0.81 |   0.64 |    62700 | 2:29:59.832969       
      100 |       400 |   0.11 |   0.84 |   0.68 |    62800 | 2:30:14.024225       
      100 |       500 |   0.10 |   0.91 |   0.79 |    62900 | 2:30:28.342467       
      100 |       600 |   0.09 |   0.92 |   0.80 |    63000 | 2:30:42.349071       
Test Accuracy :   0.87 %,   0.79 % ; Loss :   0.03,   0.05
saving model to log/BiLSTM_Harmonizer/models/model_100.ckpt
      101 |       100 |   0.12 |   0.89 |   0.73 |    63124 | 2:31:00.436104       
      101 |       200 |   0.13 |   0.80 |   0.64 |    63224 | 2:31:14.570508       
      101 |       300 |   0.13 |   0.86 |   0.71 |    63324 | 2:31:29.167775       
      101 |       400 |   0.11 |   0.81 |   0.71 |    63424 | 2:31:43.409303       
      101 |       500 |   0.09 |   0.88 |   0.77 |    63524 | 2:31:57.794730       
      101 |       600 |   0.10 |   0.93 |   0.72 |    63624 | 2:32:12.257514       
Test Accuracy :   0.95 %,   0.82 % ; Loss :   0.01,   0.03
      102 |       100 |   0.13 |   0.85 |   0.71 |    63748 | 2:32:30.931065       
      102 |       200 |   0.09 |   0.91 |   0.77 |    63848 | 2:32:45.487436       
      102 |       300 |   0.11 |   0.86 |   0.78 |    63948 | 2:33:00.112303       
      102 |       400 |   0.08 |   0.91 |   0.79 |    64048 | 2:33:14.874774       
      102 |       500 |   0.10 |   0.89 |   0.75 |    64148 | 2:33:29.433092       
      102 |       600 |   0.12 |   0.85 |   0.68 |    64248 | 2:33:44.077987       
Test Accuracy :   0.86 %,   0.65 % ; Loss :   0.02,   0.06
      103 |       100 |   0.09 |   0.94 |   0.76 |    64372 | 2:34:02.711326       
      103 |       200 |   0.08 |   0.88 |   0.79 |    64472 | 2:34:17.135312       
      103 |       300 |   0.10 |   0.90 |   0.75 |    64572 | 2:34:31.458839       
      103 |       400 |   0.09 |   0.89 |   0.77 |    64672 | 2:34:45.956574       
      103 |       500 |   0.10 |   0.90 |   0.74 |    64772 | 2:35:00.528881       
      103 |       600 |   0.11 |   0.85 |   0.76 |    64872 | 2:35:15.076315       
Test Accuracy :   0.78 %,   0.65 % ; Loss :   0.03,   0.05
      104 |       100 |   0.08 |   0.92 |   0.82 |    64996 | 2:35:33.455027       
      104 |       200 |   0.10 |   0.87 |   0.78 |    65096 | 2:35:47.783987       
      104 |       300 |   0.10 |   0.91 |   0.73 |    65196 | 2:36:02.104562       
      104 |       400 |   0.12 |   0.87 |   0.72 |    65296 | 2:36:16.319603       
      104 |       500 |   0.09 |   0.90 |   0.77 |    65396 | 2:36:30.537166       
      104 |       600 |   0.14 |   0.88 |   0.67 |    65496 | 2:36:44.926614       
Test Accuracy :   0.95 %,   0.75 % ; Loss :   0.01,   0.04
      105 |       100 |   0.12 |   0.86 |   0.73 |    65620 | 2:37:03.175699       
      105 |       200 |   0.09 |   0.91 |   0.81 |    65720 | 2:37:17.873393       
      105 |       300 |   0.11 |   0.92 |   0.71 |    65820 | 2:37:32.632115       
      105 |       400 |   0.08 |   0.89 |   0.83 |    65920 | 2:37:47.327456       
      105 |       500 |   0.11 |   0.88 |   0.70 |    66020 | 2:38:01.858072       
      105 |       600 |   0.10 |   0.88 |   0.77 |    66120 | 2:38:16.531669       
Test Accuracy :   0.91 %,   0.81 % ; Loss :   0.02,   0.05
saving model to log/BiLSTM_Harmonizer/models/model_105.ckpt
      106 |       100 |   0.12 |   0.88 |   0.74 |    66244 | 2:38:34.288810       
      106 |       200 |   0.12 |   0.85 |   0.66 |    66344 | 2:38:48.490121       
      106 |       300 |   0.09 |   0.91 |   0.77 |    66444 | 2:39:02.768589       
      106 |       400 |   0.10 |   0.89 |   0.70 |    66544 | 2:39:17.006451       
      106 |       500 |   0.11 |   0.85 |   0.71 |    66644 | 2:39:31.287785       
      106 |       600 |   0.13 |   0.82 |   0.70 |    66744 | 2:39:45.488861       
Test Accuracy :   0.81 %,   0.64 % ; Loss :   0.03,   0.07
      107 |       100 |   0.09 |   0.85 |   0.76 |    66868 | 2:40:02.661873       
      107 |       200 |   0.10 |   0.85 |   0.74 |    66968 | 2:40:16.906241       
      107 |       300 |   0.11 |   0.87 |   0.75 |    67068 | 2:40:31.189441       
      107 |       400 |   0.13 |   0.85 |   0.70 |    67168 | 2:40:45.670139       
      107 |       500 |   0.08 |   0.89 |   0.78 |    67268 | 2:41:00.200597       
      107 |       600 |   0.09 |   0.91 |   0.79 |    67368 | 2:41:14.478040       
Test Accuracy :   0.85 %,   0.79 % ; Loss :   0.02,   0.04
      108 |       100 |   0.10 |   0.88 |   0.76 |    67492 | 2:41:32.995795       
      108 |       200 |   0.10 |   0.86 |   0.77 |    67592 | 2:41:47.452662       
      108 |       300 |   0.12 |   0.84 |   0.69 |    67692 | 2:42:02.191986       
      108 |       400 |   0.15 |   0.81 |   0.67 |    67792 | 2:42:16.870800       
      108 |       500 |   0.14 |   0.90 |   0.69 |    67892 | 2:42:31.549276       
      108 |       600 |   0.12 |   0.85 |   0.71 |    67992 | 2:42:45.916176       
Test Accuracy :   0.85 %,   0.71 % ; Loss :   0.02,   0.04
      109 |       100 |   0.11 |   0.81 |   0.77 |    68116 | 2:43:04.622963       
      109 |       200 |   0.09 |   0.90 |   0.76 |    68216 | 2:43:19.232205       
      109 |       300 |   0.09 |   0.86 |   0.79 |    68316 | 2:43:33.618709       
      109 |       400 |   0.13 |   0.81 |   0.71 |    68416 | 2:43:48.337060       
      109 |       500 |   0.10 |   0.88 |   0.78 |    68516 | 2:44:02.816222       
      109 |       600 |   0.11 |   0.85 |   0.78 |    68616 | 2:44:17.311422       
Test Accuracy :   0.98 %,   0.74 % ; Loss :   0.01,   0.04
      110 |       100 |   0.11 |   0.87 |   0.71 |    68740 | 2:44:35.827528       
      110 |       200 |   0.08 |   0.92 |   0.81 |    68840 | 2:44:50.357785       
      110 |       300 |   0.07 |   0.90 |   0.79 |    68940 | 2:45:04.716060       
      110 |       400 |   0.12 |   0.88 |   0.68 |    69040 | 2:45:19.133396       
      110 |       500 |   0.13 |   0.86 |   0.72 |    69140 | 2:45:33.863899       
      110 |       600 |   0.10 |   0.87 |   0.77 |    69240 | 2:45:48.296464       
Test Accuracy :   0.86 %,   0.73 % ; Loss :   0.02,   0.05
saving model to log/BiLSTM_Harmonizer/models/model_110.ckpt
      111 |       100 |   0.09 |   0.92 |   0.78 |    69364 | 2:46:06.884013       
      111 |       200 |   0.06 |   0.95 |   0.77 |    69464 | 2:46:21.557356       
      111 |       300 |   0.07 |   0.93 |   0.81 |    69564 | 2:46:36.422438       
      111 |       400 |   0.08 |   0.90 |   0.84 |    69664 | 2:46:51.354550       
      111 |       500 |   0.09 |   0.90 |   0.78 |    69764 | 2:47:06.040895       
      111 |       600 |   0.15 |   0.83 |   0.62 |    69864 | 2:47:20.187746       
Test Accuracy :   0.98 %,   0.96 % ; Loss :   0.01,   0.01
      112 |       100 |   0.14 |   0.88 |   0.69 |    69988 | 2:47:39.404761       
      112 |       200 |   0.11 |   0.85 |   0.75 |    70088 | 2:47:54.302292       
      112 |       300 |   0.11 |   0.92 |   0.75 |    70188 | 2:48:09.154369       
      112 |       400 |   0.09 |   0.90 |   0.77 |    70288 | 2:48:23.918187       
      112 |       500 |   0.11 |   0.87 |   0.75 |    70388 | 2:48:38.568109       
      112 |       600 |   0.14 |   0.89 |   0.68 |    70488 | 2:48:53.140698       
Test Accuracy :   0.84 %,   0.74 % ; Loss :   0.02,   0.04
      113 |       100 |   0.12 |   0.90 |   0.73 |    70612 | 2:49:11.984990       
      113 |       200 |   0.12 |   0.91 |   0.69 |    70712 | 2:49:26.500517       
      113 |       300 |   0.10 |   0.94 |   0.72 |    70812 | 2:49:40.895313       
      113 |       400 |   0.11 |   0.90 |   0.75 |    70912 | 2:49:55.452152       
      113 |       500 |   0.11 |   0.90 |   0.67 |    71012 | 2:50:09.980551       
      113 |       600 |   0.13 |   0.86 |   0.72 |    71112 | 2:50:24.504316       
Test Accuracy :   0.95 %,   0.92 % ; Loss :   0.01,   0.02
      114 |       100 |   0.11 |   0.89 |   0.75 |    71236 | 2:50:43.099831       
      114 |       200 |   0.14 |   0.84 |   0.67 |    71336 | 2:50:57.437956       
      114 |       300 |   0.10 |   0.89 |   0.78 |    71436 | 2:51:12.004007       
      114 |       400 |   0.10 |   0.93 |   0.75 |    71536 | 2:51:26.201508       
      114 |       500 |   0.11 |   0.88 |   0.73 |    71636 | 2:51:40.572357       
      114 |       600 |   0.10 |   0.89 |   0.77 |    71736 | 2:51:54.994888       
Test Accuracy :   0.82 %,   0.72 % ; Loss :   0.02,   0.04
      115 |       100 |   0.10 |   0.90 |   0.78 |    71860 | 2:52:13.841298       
      115 |       200 |   0.12 |   0.87 |   0.69 |    71960 | 2:52:27.973957       
      115 |       300 |   0.08 |   0.92 |   0.83 |    72060 | 2:52:42.666599       
      115 |       400 |   0.08 |   0.88 |   0.82 |    72160 | 2:52:57.275681       
      115 |       500 |   0.11 |   0.86 |   0.74 |    72260 | 2:53:11.830533       
      115 |       600 |   0.12 |   0.92 |   0.69 |    72360 | 2:53:26.332107       
Test Accuracy :   0.96 %,   0.86 % ; Loss :   0.01,   0.02
saving model to log/BiLSTM_Harmonizer/models/model_115.ckpt
      116 |       100 |   0.09 |   0.95 |   0.80 |    72484 | 2:53:45.206292       
      116 |       200 |   0.12 |   0.85 |   0.74 |    72584 | 2:54:00.272512       
      116 |       300 |   0.07 |   0.93 |   0.82 |    72684 | 2:54:15.359428       
      116 |       400 |   0.14 |   0.86 |   0.70 |    72784 | 2:54:30.155608       
      116 |       500 |   0.09 |   0.90 |   0.78 |    72884 | 2:54:44.532608       
      116 |       600 |   0.12 |   0.84 |   0.72 |    72984 | 2:54:59.298713       
Test Accuracy :   0.85 %,   0.75 % ; Loss :   0.01,   0.03
      117 |       100 |   0.11 |   0.86 |   0.70 |    73108 | 2:55:18.605993       
      117 |       200 |   0.13 |   0.89 |   0.67 |    73208 | 2:55:33.856797       
      117 |       300 |   0.11 |   0.86 |   0.66 |    73308 | 2:55:48.584445       
      117 |       400 |   0.09 |   0.94 |   0.78 |    73408 | 2:56:03.329492       
      117 |       500 |   0.09 |   0.90 |   0.74 |    73508 | 2:56:18.266834       
      117 |       600 |   0.10 |   0.86 |   0.78 |    73608 | 2:56:32.739693       
Test Accuracy :   0.84 %,   0.74 % ; Loss :   0.02,   0.04
      118 |       100 |   0.12 |   0.90 |   0.75 |    73732 | 2:56:51.775640       
      118 |       200 |   0.12 |   0.86 |   0.72 |    73832 | 2:57:06.389165       
      118 |       300 |   0.11 |   0.85 |   0.70 |    73932 | 2:57:20.897067       
      118 |       400 |   0.11 |   0.80 |   0.76 |    74032 | 2:57:35.091569       
      118 |       500 |   0.10 |   0.91 |   0.75 |    74132 | 2:57:49.167709       
      118 |       600 |   0.12 |   0.89 |   0.74 |    74232 | 2:58:03.530301       
Test Accuracy :   0.88 %,   0.76 % ; Loss :   0.02,   0.04
      119 |       100 |   0.09 |   0.93 |   0.81 |    74356 | 2:58:22.413158       
      119 |       200 |   0.08 |   0.90 |   0.79 |    74456 | 2:58:37.433666       
      119 |       300 |   0.11 |   0.89 |   0.76 |    74556 | 2:58:52.527458       
      119 |       400 |   0.12 |   0.88 |   0.70 |    74656 | 2:59:07.227752       
      119 |       500 |   0.06 |   0.97 |   0.82 |    74756 | 2:59:21.935283       
      119 |       600 |   0.09 |   0.89 |   0.76 |    74856 | 2:59:36.650668       
Test Accuracy :   0.88 %,   0.71 % ; Loss :   0.02,   0.05
